14-Dec-2017 08:00:08.998 INFO [main] org.apache.catalina.startup.VersionLoggerListener.log Server version:        Apache Tomcat/8.0.47
14-Dec-2017 08:00:09.005 INFO [main] org.apache.catalina.startup.VersionLoggerListener.log Server built:          Sep 29 2017 13:46:41 UTC
14-Dec-2017 08:00:09.005 INFO [main] org.apache.catalina.startup.VersionLoggerListener.log Server number:         8.0.47.0
14-Dec-2017 08:00:09.006 INFO [main] org.apache.catalina.startup.VersionLoggerListener.log OS Name:               Linux
14-Dec-2017 08:00:09.006 INFO [main] org.apache.catalina.startup.VersionLoggerListener.log OS Version:            4.9.49-moby
14-Dec-2017 08:00:09.006 INFO [main] org.apache.catalina.startup.VersionLoggerListener.log Architecture:          amd64
14-Dec-2017 08:00:09.006 INFO [main] org.apache.catalina.startup.VersionLoggerListener.log Java Home:             /opt/bitnami/java
14-Dec-2017 08:00:09.006 INFO [main] org.apache.catalina.startup.VersionLoggerListener.log JVM Version:           1.8.0_144-b01
14-Dec-2017 08:00:09.006 INFO [main] org.apache.catalina.startup.VersionLoggerListener.log JVM Vendor:            Oracle Corporation
14-Dec-2017 08:00:09.007 INFO [main] org.apache.catalina.startup.VersionLoggerListener.log CATALINA_BASE:         /opt/bitnami/tomcat
14-Dec-2017 08:00:09.007 INFO [main] org.apache.catalina.startup.VersionLoggerListener.log CATALINA_HOME:         /opt/bitnami/tomcat
14-Dec-2017 08:00:09.007 INFO [main] org.apache.catalina.startup.VersionLoggerListener.log Command line argument: -Djava.util.logging.config.file=/opt/bitnami/tomcat/conf/logging.properties
14-Dec-2017 08:00:09.007 INFO [main] org.apache.catalina.startup.VersionLoggerListener.log Command line argument: -Djava.util.logging.manager=org.apache.juli.ClassLoaderLogManager
14-Dec-2017 08:00:09.007 INFO [main] org.apache.catalina.startup.VersionLoggerListener.log Command line argument: -Djava.awt.headless=true
14-Dec-2017 08:00:09.008 INFO [main] org.apache.catalina.startup.VersionLoggerListener.log Command line argument: -XX:+UseG1GC
14-Dec-2017 08:00:09.008 INFO [main] org.apache.catalina.startup.VersionLoggerListener.log Command line argument: -Dfile.encoding=UTF-8
14-Dec-2017 08:00:09.008 INFO [main] org.apache.catalina.startup.VersionLoggerListener.log Command line argument: -Djdk.tls.ephemeralDHKeySize=2048
14-Dec-2017 08:00:09.008 INFO [main] org.apache.catalina.startup.VersionLoggerListener.log Command line argument: -Djava.protocol.handler.pkgs=org.apache.catalina.webresources
14-Dec-2017 08:00:09.008 INFO [main] org.apache.catalina.startup.VersionLoggerListener.log Command line argument: -Djava.endorsed.dirs=/opt/bitnami/tomcat/endorsed
14-Dec-2017 08:00:09.008 INFO [main] org.apache.catalina.startup.VersionLoggerListener.log Command line argument: -Dcatalina.base=/opt/bitnami/tomcat
14-Dec-2017 08:00:09.009 INFO [main] org.apache.catalina.startup.VersionLoggerListener.log Command line argument: -Dcatalina.home=/opt/bitnami/tomcat
14-Dec-2017 08:00:09.009 INFO [main] org.apache.catalina.startup.VersionLoggerListener.log Command line argument: -Djava.io.tmpdir=/opt/bitnami/tomcat/temp
14-Dec-2017 08:00:09.009 INFO [main] org.apache.catalina.core.AprLifecycleListener.lifecycleEvent The APR based Apache Tomcat Native library which allows optimal performance in production environments was not found on the java.library.path: /usr/java/packages/lib/amd64:/usr/lib64:/lib64:/lib:/usr/lib
14-Dec-2017 08:00:09.215 INFO [main] org.apache.coyote.AbstractProtocol.init Initializing ProtocolHandler ["http-nio-8081"]
14-Dec-2017 08:00:09.248 INFO [main] org.apache.tomcat.util.net.NioSelectorPool.getSharedSelector Using a shared selector for servlet write/read
14-Dec-2017 08:00:09.252 INFO [main] org.apache.coyote.AbstractProtocol.init Initializing ProtocolHandler ["ajp-nio-8009"]
14-Dec-2017 08:00:09.254 INFO [main] org.apache.tomcat.util.net.NioSelectorPool.getSharedSelector Using a shared selector for servlet write/read
14-Dec-2017 08:00:09.256 INFO [main] org.apache.catalina.startup.Catalina.load Initialization processed in 878 ms
14-Dec-2017 08:00:09.287 INFO [main] org.apache.catalina.core.StandardService.startInternal Starting service Catalina
14-Dec-2017 08:00:09.287 INFO [main] org.apache.catalina.core.StandardEngine.startInternal Starting Servlet Engine: Apache Tomcat/8.0.47
14-Dec-2017 08:00:09.342 INFO [localhost-startStop-1] org.apache.catalina.startup.HostConfig.deployWAR Deploying web application archive /bitnami/tomcat/data/CmisWebBrowser.war
14-Dec-2017 08:00:09.802 INFO [localhost-startStop-1] org.apache.catalina.startup.HostConfig.deployWAR Deployment of web application archive /bitnami/tomcat/data/CmisWebBrowser.war has finished in 458 ms
14-Dec-2017 08:00:09.804 INFO [localhost-startStop-1] org.apache.catalina.startup.HostConfig.deployDirectory Deploying web application directory /bitnami/tomcat/data/docs
14-Dec-2017 08:00:09.832 INFO [localhost-startStop-1] org.apache.catalina.startup.HostConfig.deployDirectory Deployment of web application directory /bitnami/tomcat/data/docs has finished in 28 ms
14-Dec-2017 08:00:09.832 INFO [localhost-startStop-1] org.apache.catalina.startup.HostConfig.deployDirectory Deploying web application directory /bitnami/tomcat/data/examples
14-Dec-2017 08:00:10.851 INFO [localhost-startStop-1] org.apache.catalina.startup.HostConfig.deployDirectory Deployment of web application directory /bitnami/tomcat/data/examples has finished in 1,019 ms
14-Dec-2017 08:00:10.852 INFO [localhost-startStop-1] org.apache.catalina.startup.HostConfig.deployDirectory Deploying web application directory /bitnami/tomcat/data/host-manager
14-Dec-2017 08:00:10.916 INFO [localhost-startStop-1] org.apache.catalina.startup.HostConfig.deployDirectory Deployment of web application directory /bitnami/tomcat/data/host-manager has finished in 64 ms
14-Dec-2017 08:00:10.917 INFO [localhost-startStop-1] org.apache.catalina.startup.HostConfig.deployDirectory Deploying web application directory /bitnami/tomcat/data/manager
14-Dec-2017 08:00:10.965 INFO [localhost-startStop-1] org.apache.catalina.startup.HostConfig.deployDirectory Deployment of web application directory /bitnami/tomcat/data/manager has finished in 48 ms
14-Dec-2017 08:00:10.966 INFO [localhost-startStop-1] org.apache.catalina.startup.HostConfig.deployDirectory Deploying web application directory /bitnami/tomcat/data/ROOT
14-Dec-2017 08:00:11.015 INFO [localhost-startStop-1] org.apache.catalina.startup.HostConfig.deployDirectory Deployment of web application directory /bitnami/tomcat/data/ROOT has finished in 49 ms
14-Dec-2017 08:00:11.025 INFO [main] org.apache.coyote.AbstractProtocol.start Starting ProtocolHandler ["http-nio-8081"]
14-Dec-2017 08:00:11.070 INFO [main] org.apache.coyote.AbstractProtocol.start Starting ProtocolHandler ["ajp-nio-8009"]
14-Dec-2017 08:00:11.075 INFO [main] org.apache.catalina.startup.Catalina.start Server startup in 1819 ms
14-Dec-2017 08:45:17.379 INFO [main] org.apache.catalina.core.StandardServer.await A valid shutdown command was received via the shutdown port. Stopping the Server instance.
14-Dec-2017 08:45:17.380 INFO [main] org.apache.coyote.AbstractProtocol.pause Pausing ProtocolHandler ["http-nio-8081"]
14-Dec-2017 08:45:17.435 INFO [main] org.apache.coyote.AbstractProtocol.pause Pausing ProtocolHandler ["ajp-nio-8009"]
14-Dec-2017 08:45:17.487 INFO [main] org.apache.catalina.core.StandardService.stopInternal Stopping service Catalina
14-Dec-2017 08:45:17.602 INFO [main] org.apache.coyote.AbstractProtocol.stop Stopping ProtocolHandler ["http-nio-8081"]
14-Dec-2017 08:45:17.604 INFO [main] org.apache.coyote.AbstractProtocol.stop Stopping ProtocolHandler ["ajp-nio-8009"]
14-Dec-2017 08:45:17.606 INFO [main] org.apache.coyote.AbstractProtocol.destroy Destroying ProtocolHandler ["http-nio-8081"]
14-Dec-2017 08:45:17.613 INFO [main] org.apache.coyote.AbstractProtocol.destroy Destroying ProtocolHandler ["ajp-nio-8009"]
14-Dec-2017 13:38:32.095 INFO [main] org.apache.catalina.startup.VersionLoggerListener.log Server version:        Apache Tomcat/8.0.47
14-Dec-2017 13:38:32.101 INFO [main] org.apache.catalina.startup.VersionLoggerListener.log Server built:          Sep 29 2017 13:46:41 UTC
14-Dec-2017 13:38:32.101 INFO [main] org.apache.catalina.startup.VersionLoggerListener.log Server number:         8.0.47.0
14-Dec-2017 13:38:32.101 INFO [main] org.apache.catalina.startup.VersionLoggerListener.log OS Name:               Linux
14-Dec-2017 13:38:32.101 INFO [main] org.apache.catalina.startup.VersionLoggerListener.log OS Version:            4.9.49-moby
14-Dec-2017 13:38:32.101 INFO [main] org.apache.catalina.startup.VersionLoggerListener.log Architecture:          amd64
14-Dec-2017 13:38:32.101 INFO [main] org.apache.catalina.startup.VersionLoggerListener.log Java Home:             /opt/bitnami/java
14-Dec-2017 13:38:32.102 INFO [main] org.apache.catalina.startup.VersionLoggerListener.log JVM Version:           1.8.0_144-b01
14-Dec-2017 13:38:32.102 INFO [main] org.apache.catalina.startup.VersionLoggerListener.log JVM Vendor:            Oracle Corporation
14-Dec-2017 13:38:32.102 INFO [main] org.apache.catalina.startup.VersionLoggerListener.log CATALINA_BASE:         /opt/bitnami/tomcat
14-Dec-2017 13:38:32.102 INFO [main] org.apache.catalina.startup.VersionLoggerListener.log CATALINA_HOME:         /opt/bitnami/tomcat
14-Dec-2017 13:38:32.102 INFO [main] org.apache.catalina.startup.VersionLoggerListener.log Command line argument: -Djava.util.logging.config.file=/opt/bitnami/tomcat/conf/logging.properties
14-Dec-2017 13:38:32.103 INFO [main] org.apache.catalina.startup.VersionLoggerListener.log Command line argument: -Djava.util.logging.manager=org.apache.juli.ClassLoaderLogManager
14-Dec-2017 13:38:32.103 INFO [main] org.apache.catalina.startup.VersionLoggerListener.log Command line argument: -Djava.awt.headless=true
14-Dec-2017 13:38:32.103 INFO [main] org.apache.catalina.startup.VersionLoggerListener.log Command line argument: -XX:+UseG1GC
14-Dec-2017 13:38:32.103 INFO [main] org.apache.catalina.startup.VersionLoggerListener.log Command line argument: -Dfile.encoding=UTF-8
14-Dec-2017 13:38:32.103 INFO [main] org.apache.catalina.startup.VersionLoggerListener.log Command line argument: -Djdk.tls.ephemeralDHKeySize=2048
14-Dec-2017 13:38:32.103 INFO [main] org.apache.catalina.startup.VersionLoggerListener.log Command line argument: -Djava.protocol.handler.pkgs=org.apache.catalina.webresources
14-Dec-2017 13:38:32.103 INFO [main] org.apache.catalina.startup.VersionLoggerListener.log Command line argument: -Djava.endorsed.dirs=/opt/bitnami/tomcat/endorsed
14-Dec-2017 13:38:32.103 INFO [main] org.apache.catalina.startup.VersionLoggerListener.log Command line argument: -Dcatalina.base=/opt/bitnami/tomcat
14-Dec-2017 13:38:32.103 INFO [main] org.apache.catalina.startup.VersionLoggerListener.log Command line argument: -Dcatalina.home=/opt/bitnami/tomcat
14-Dec-2017 13:38:32.103 INFO [main] org.apache.catalina.startup.VersionLoggerListener.log Command line argument: -Djava.io.tmpdir=/opt/bitnami/tomcat/temp
14-Dec-2017 13:38:32.104 INFO [main] org.apache.catalina.core.AprLifecycleListener.lifecycleEvent The APR based Apache Tomcat Native library which allows optimal performance in production environments was not found on the java.library.path: /usr/java/packages/lib/amd64:/usr/lib64:/lib64:/lib:/usr/lib
14-Dec-2017 13:38:32.390 INFO [main] org.apache.coyote.AbstractProtocol.init Initializing ProtocolHandler ["http-nio-8081"]
14-Dec-2017 13:38:32.423 INFO [main] org.apache.tomcat.util.net.NioSelectorPool.getSharedSelector Using a shared selector for servlet write/read
14-Dec-2017 13:38:32.428 INFO [main] org.apache.coyote.AbstractProtocol.init Initializing ProtocolHandler ["ajp-nio-8009"]
14-Dec-2017 13:38:32.432 INFO [main] org.apache.tomcat.util.net.NioSelectorPool.getSharedSelector Using a shared selector for servlet write/read
14-Dec-2017 13:38:32.432 INFO [main] org.apache.catalina.startup.Catalina.load Initialization processed in 1524 ms
14-Dec-2017 13:38:32.517 INFO [main] org.apache.catalina.core.StandardService.startInternal Starting service Catalina
14-Dec-2017 13:38:32.524 INFO [main] org.apache.catalina.core.StandardEngine.startInternal Starting Servlet Engine: Apache Tomcat/8.0.47
14-Dec-2017 13:38:32.630 INFO [localhost-startStop-1] org.apache.catalina.startup.HostConfig.deployWAR Deploying web application archive /bitnami/tomcat/data/CmisWebBrowser.war
14-Dec-2017 13:38:33.385 INFO [localhost-startStop-1] org.apache.catalina.startup.HostConfig.deployWAR Deployment of web application archive /bitnami/tomcat/data/CmisWebBrowser.war has finished in 753 ms
14-Dec-2017 13:38:33.386 INFO [localhost-startStop-1] org.apache.catalina.startup.HostConfig.deployDirectory Deploying web application directory /bitnami/tomcat/data/docs
14-Dec-2017 13:38:33.465 INFO [localhost-startStop-1] org.apache.catalina.startup.HostConfig.deployDirectory Deployment of web application directory /bitnami/tomcat/data/docs has finished in 78 ms
14-Dec-2017 13:38:33.465 INFO [localhost-startStop-1] org.apache.catalina.startup.HostConfig.deployDirectory Deploying web application directory /bitnami/tomcat/data/examples
14-Dec-2017 13:38:34.701 INFO [localhost-startStop-1] org.apache.catalina.startup.HostConfig.deployDirectory Deployment of web application directory /bitnami/tomcat/data/examples has finished in 1,235 ms
14-Dec-2017 13:38:34.702 INFO [localhost-startStop-1] org.apache.catalina.startup.HostConfig.deployDirectory Deploying web application directory /bitnami/tomcat/data/host-manager
14-Dec-2017 13:38:34.820 INFO [localhost-startStop-1] org.apache.catalina.startup.HostConfig.deployDirectory Deployment of web application directory /bitnami/tomcat/data/host-manager has finished in 117 ms
14-Dec-2017 13:38:34.825 INFO [localhost-startStop-1] org.apache.catalina.startup.HostConfig.deployDirectory Deploying web application directory /bitnami/tomcat/data/manager
14-Dec-2017 13:38:34.900 INFO [localhost-startStop-1] org.apache.catalina.startup.HostConfig.deployDirectory Deployment of web application directory /bitnami/tomcat/data/manager has finished in 75 ms
14-Dec-2017 13:38:34.902 INFO [localhost-startStop-1] org.apache.catalina.startup.HostConfig.deployDirectory Deploying web application directory /bitnami/tomcat/data/ROOT
14-Dec-2017 13:38:35.010 INFO [localhost-startStop-1] org.apache.catalina.startup.HostConfig.deployDirectory Deployment of web application directory /bitnami/tomcat/data/ROOT has finished in 103 ms
14-Dec-2017 13:38:35.027 INFO [main] org.apache.coyote.AbstractProtocol.start Starting ProtocolHandler ["http-nio-8081"]
14-Dec-2017 13:38:35.073 INFO [main] org.apache.coyote.AbstractProtocol.start Starting ProtocolHandler ["ajp-nio-8009"]
14-Dec-2017 13:38:35.082 INFO [main] org.apache.catalina.startup.Catalina.start Server startup in 2647 ms
14-Dec-2017 16:08:25.094 INFO [main] org.apache.catalina.core.StandardServer.await A valid shutdown command was received via the shutdown port. Stopping the Server instance.
14-Dec-2017 16:08:25.097 INFO [main] org.apache.coyote.AbstractProtocol.pause Pausing ProtocolHandler ["http-nio-8081"]
14-Dec-2017 16:08:25.153 INFO [main] org.apache.coyote.AbstractProtocol.pause Pausing ProtocolHandler ["ajp-nio-8009"]
14-Dec-2017 16:08:25.209 INFO [main] org.apache.catalina.core.StandardService.stopInternal Stopping service Catalina
14-Dec-2017 16:08:25.301 INFO [main] org.apache.coyote.AbstractProtocol.stop Stopping ProtocolHandler ["http-nio-8081"]
14-Dec-2017 16:08:25.304 INFO [main] org.apache.coyote.AbstractProtocol.stop Stopping ProtocolHandler ["ajp-nio-8009"]
14-Dec-2017 16:08:25.309 INFO [main] org.apache.coyote.AbstractProtocol.destroy Destroying ProtocolHandler ["http-nio-8081"]
14-Dec-2017 16:08:25.311 INFO [main] org.apache.coyote.AbstractProtocol.destroy Destroying ProtocolHandler ["ajp-nio-8009"]
