
		Tue Dec 12 2017
11:12:10 { Loading plugin 1: Type `plain', file `wikiv' in `../hosting'
11:12:10   FAILED  plugin 1: Unable to locate file }
11:12:10 { Loading plugin 2: Type `plain', file `mediawiki' in `../hosting'
11:12:10   FAILED  plugin 2: Unable to locate file }
11:12:10 { Loading plugin 3: Type `plain', file `creolewiki' in `../hosting'
11:12:10   FAILED  plugin 3: Unable to locate file }
11:12:10 { Loading plugin 4: Type `plain', file `im' in `../hosting'
11:12:10   FAILED  plugin 4: Unable to locate file }
11:12:10 { Loading plugin 5: Type `plain', file `wbxml2' in `../hosting'
11:12:10   FAILED  plugin 5: Unable to locate file }
11:12:10 OpenLink Virtuoso Universal Server
11:12:10 Version 07.20.3217-pthreads for Linux as of Aug 15 2017
11:12:10 uses parts of OpenSSL, PCRE, Html Tidy
11:12:10 SQL Optimizer enabled (max 1000 layouts)
11:12:11 Compiler unit is timed at 0.000896 msec
11:12:15 Checkpoint started
11:12:15 Roll forward started
11:12:15 Roll forward complete
11:12:15 Checkpoint started
11:12:16 Checkpoint finished, log reused
11:12:16 Checkpoint started
11:12:16 Checkpoint finished, log reused
11:12:16 Checkpoint started
11:12:16 Checkpoint finished, log reused
11:12:17 Checkpoint started
11:12:17 Checkpoint finished, log reused
11:12:17 Checkpoint started
11:12:17 Checkpoint finished, log reused
11:12:17 PL LOG: Installing Virtuoso Conductor version 1.00.8759 (DAV)
11:12:17 PL LOG: Installing with dependencies Virtuoso Conductor version 1.00.8759/2017-08-15 11:02 (DAV)
11:12:17 Checkpoint started
11:12:17 Checkpoint finished, log reused
11:12:21 Checkpoint started
11:12:21 Checkpoint finished, log reused
11:12:21 PL LOG: Installation with dependencies complete
11:12:21 Checkpoint started
11:12:21 Checkpoint finished, log reused
11:12:21 HTTP/WebDAV server online at 8890
11:12:21 Server online at 1111 (pid 7)
11:13:47 Incorrect login for dba from IP [172.18.0.6]
12:12:22 Checkpoint started
12:12:22 Checkpoint finished, log reused
13:12:23 Checkpoint started
13:12:23 Checkpoint finished, log reused
